[0.013s] Invoking command in '/home/obi/turtlebot4_ws/build/turtlebot4_ignition_bringup_local': CMAKE_PREFIX_PATH=${CMAKE_PREFIX_PATH}:/home/obi/turtlebot3_ws/install/turtlebot3_teleop:/home/obi/turtlebot3_ws/install/turtlebot3_example:/opt/ros/humble /usr/bin/cmake --build /home/obi/turtlebot4_ws/build/turtlebot4_ignition_bringup_local -- -j12 -l12
[0.041s] -- Found ament_cmake: 1.3.11 (/opt/ros/humble/share/ament_cmake/cmake)
[0.155s] -- Override CMake install command with custom implementation using symlinks instead of copying resources
[0.161s] -- Found ros_ign_interfaces: 0.244.20 (/opt/ros/humble/share/ros_ign_interfaces/cmake)
[0.184s] -- Found rosidl_generator_c: 3.1.6 (/opt/ros/humble/share/rosidl_generator_c/cmake)
[0.186s] -- Found rosidl_adapter: 3.1.6 (/opt/ros/humble/share/rosidl_adapter/cmake)
[0.191s] -- Found rosidl_generator_cpp: 3.1.6 (/opt/ros/humble/share/rosidl_generator_cpp/cmake)
[0.200s] -- Using all available rosidl_typesupport_c: rosidl_typesupport_fastrtps_c;rosidl_typesupport_introspection_c
[0.211s] -- Using all available rosidl_typesupport_cpp: rosidl_typesupport_fastrtps_cpp;rosidl_typesupport_introspection_cpp
[0.281s] -- Found ament_lint_auto: 0.12.12 (/opt/ros/humble/share/ament_lint_auto/cmake)
[0.348s] -- Added test 'copyright' to check source files copyright and LICENSE
[0.353s] -- Added test 'flake8' to check Python code syntax and style conventions
[0.353s] -- Added test 'lint_cmake' to check CMake code style
[0.354s] -- Added test 'pep257' to check Python code against some of the docstring style conventions in PEP 257
[0.357s] -- Added test 'xmllint' to check XML markup files
[0.358s] -- Configuring done
[0.362s] -- Generating done
[0.364s] -- Build files have been written to: /home/obi/turtlebot4_ws/build/turtlebot4_ignition_bringup_local
[0.393s] Invoked command in '/home/obi/turtlebot4_ws/build/turtlebot4_ignition_bringup_local' returned '0': CMAKE_PREFIX_PATH=${CMAKE_PREFIX_PATH}:/home/obi/turtlebot3_ws/install/turtlebot3_teleop:/home/obi/turtlebot3_ws/install/turtlebot3_example:/opt/ros/humble /usr/bin/cmake --build /home/obi/turtlebot4_ws/build/turtlebot4_ignition_bringup_local -- -j12 -l12
[0.406s] Invoking command in '/home/obi/turtlebot4_ws/build/turtlebot4_ignition_bringup_local': CMAKE_PREFIX_PATH=${CMAKE_PREFIX_PATH}:/home/obi/turtlebot3_ws/install/turtlebot3_teleop:/home/obi/turtlebot3_ws/install/turtlebot3_example:/opt/ros/humble /usr/bin/cmake --install /home/obi/turtlebot4_ws/build/turtlebot4_ignition_bringup_local
[0.415s] -- Install configuration: ""
[0.415s] -- Execute custom install script
[0.415s] -- Up-to-date symlink: /home/obi/turtlebot4_ws/install/turtlebot4_ignition_bringup_local/share/turtlebot4_ignition_bringup_local/config/turtlebot4_node.yaml
[0.416s] -- Up-to-date symlink: /home/obi/turtlebot4_ws/install/turtlebot4_ignition_bringup_local/share/turtlebot4_ignition_bringup_local/gui/lite/gui.config
[0.416s] -- Up-to-date symlink: /home/obi/turtlebot4_ws/install/turtlebot4_ignition_bringup_local/share/turtlebot4_ignition_bringup_local/gui/standard/gui.config
[0.416s] -- Up-to-date symlink: /home/obi/turtlebot4_ws/install/turtlebot4_ignition_bringup_local/share/turtlebot4_ignition_bringup_local/launch/ignition.launch.py
[0.416s] -- Symlinking: /home/obi/turtlebot4_ws/install/turtlebot4_ignition_bringup_local/share/turtlebot4_ignition_bringup_local/launch/robot_description.launch.py
[0.427s] -- Up-to-date symlink: /home/obi/turtlebot4_ws/install/turtlebot4_ignition_bringup_local/share/turtlebot4_ignition_bringup_local/launch/ros_ign_bridge.launch.py
[0.427s] -- Up-to-date symlink: /home/obi/turtlebot4_ws/install/turtlebot4_ignition_bringup_local/share/turtlebot4_ignition_bringup_local/launch/turtlebot4_ignition.launch.py
[0.427s] -- Up-to-date symlink: /home/obi/turtlebot4_ws/install/turtlebot4_ignition_bringup_local/share/turtlebot4_ignition_bringup_local/launch/turtlebot4_nodes.launch.py
[0.428s] -- Up-to-date symlink: /home/obi/turtlebot4_ws/install/turtlebot4_ignition_bringup_local/share/turtlebot4_ignition_bringup_local/launch/turtlebot4_spawn.launch.py
[0.428s] -- Up-to-date symlink: /home/obi/turtlebot4_ws/install/turtlebot4_ignition_bringup_local/share/turtlebot4_ignition_bringup_local/worlds/depot.sdf
[0.428s] -- Up-to-date symlink: /home/obi/turtlebot4_ws/install/turtlebot4_ignition_bringup_local/share/turtlebot4_ignition_bringup_local/worlds/maze.sdf
[0.428s] -- Up-to-date symlink: /home/obi/turtlebot4_ws/install/turtlebot4_ignition_bringup_local/share/turtlebot4_ignition_bringup_local/worlds/warehouse.sdf
[0.428s] -- Up-to-date symlink: /home/obi/turtlebot4_ws/install/turtlebot4_ignition_bringup_local/share/ament_index/resource_index/package_run_dependencies/turtlebot4_ignition_bringup_local
[0.428s] -- Up-to-date symlink: /home/obi/turtlebot4_ws/install/turtlebot4_ignition_bringup_local/share/ament_index/resource_index/parent_prefix_path/turtlebot4_ignition_bringup_local
[0.428s] -- Up-to-date symlink: /home/obi/turtlebot4_ws/install/turtlebot4_ignition_bringup_local/share/turtlebot4_ignition_bringup_local/environment/ament_prefix_path.sh
[0.429s] -- Up-to-date symlink: /home/obi/turtlebot4_ws/install/turtlebot4_ignition_bringup_local/share/turtlebot4_ignition_bringup_local/environment/ament_prefix_path.dsv
[0.429s] -- Up-to-date symlink: /home/obi/turtlebot4_ws/install/turtlebot4_ignition_bringup_local/share/turtlebot4_ignition_bringup_local/environment/path.sh
[0.429s] -- Up-to-date symlink: /home/obi/turtlebot4_ws/install/turtlebot4_ignition_bringup_local/share/turtlebot4_ignition_bringup_local/environment/path.dsv
[0.429s] -- Up-to-date symlink: /home/obi/turtlebot4_ws/install/turtlebot4_ignition_bringup_local/share/turtlebot4_ignition_bringup_local/local_setup.bash
[0.429s] -- Up-to-date symlink: /home/obi/turtlebot4_ws/install/turtlebot4_ignition_bringup_local/share/turtlebot4_ignition_bringup_local/local_setup.sh
[0.429s] -- Up-to-date symlink: /home/obi/turtlebot4_ws/install/turtlebot4_ignition_bringup_local/share/turtlebot4_ignition_bringup_local/local_setup.zsh
[0.429s] -- Up-to-date symlink: /home/obi/turtlebot4_ws/install/turtlebot4_ignition_bringup_local/share/turtlebot4_ignition_bringup_local/local_setup.dsv
[0.430s] -- Symlinking: /home/obi/turtlebot4_ws/install/turtlebot4_ignition_bringup_local/share/turtlebot4_ignition_bringup_local/package.dsv
[0.441s] -- Up-to-date symlink: /home/obi/turtlebot4_ws/install/turtlebot4_ignition_bringup_local/share/ament_index/resource_index/packages/turtlebot4_ignition_bringup_local
[0.441s] -- Up-to-date symlink: /home/obi/turtlebot4_ws/install/turtlebot4_ignition_bringup_local/share/turtlebot4_ignition_bringup_local/cmake/turtlebot4_ignition_bringup_localConfig.cmake
[0.441s] -- Up-to-date symlink: /home/obi/turtlebot4_ws/install/turtlebot4_ignition_bringup_local/share/turtlebot4_ignition_bringup_local/cmake/turtlebot4_ignition_bringup_localConfig-version.cmake
[0.442s] -- Up-to-date symlink: /home/obi/turtlebot4_ws/install/turtlebot4_ignition_bringup_local/share/turtlebot4_ignition_bringup_local/package.xml
[0.445s] Invoked command in '/home/obi/turtlebot4_ws/build/turtlebot4_ignition_bringup_local' returned '0': CMAKE_PREFIX_PATH=${CMAKE_PREFIX_PATH}:/home/obi/turtlebot3_ws/install/turtlebot3_teleop:/home/obi/turtlebot3_ws/install/turtlebot3_example:/opt/ros/humble /usr/bin/cmake --install /home/obi/turtlebot4_ws/build/turtlebot4_ignition_bringup_local
