[0.013s] Invoking command in '/home/obi/turtlebot4_ws/build/turtlebot4_ignition_bringup_local': CMAKE_PREFIX_PATH=${CMAKE_PREFIX_PATH}:/home/obi/turtlebot3_ws/install/turtlebot3_teleop:/home/obi/turtlebot3_ws/install/turtlebot3_example:/opt/ros/humble /usr/bin/cmake --build /home/obi/turtlebot4_ws/build/turtlebot4_ignition_bringup_local -- -j12 -l12
[0.060s] Invoked command in '/home/obi/turtlebot4_ws/build/turtlebot4_ignition_bringup_local' returned '0': CMAKE_PREFIX_PATH=${CMAKE_PREFIX_PATH}:/home/obi/turtlebot3_ws/install/turtlebot3_teleop:/home/obi/turtlebot3_ws/install/turtlebot3_example:/opt/ros/humble /usr/bin/cmake --build /home/obi/turtlebot4_ws/build/turtlebot4_ignition_bringup_local -- -j12 -l12
[0.074s] Invoking command in '/home/obi/turtlebot4_ws/build/turtlebot4_ignition_bringup_local': CMAKE_PREFIX_PATH=${CMAKE_PREFIX_PATH}:/home/obi/turtlebot3_ws/install/turtlebot3_teleop:/home/obi/turtlebot3_ws/install/turtlebot3_example:/opt/ros/humble /usr/bin/cmake --install /home/obi/turtlebot4_ws/build/turtlebot4_ignition_bringup_local
[0.082s] -- Install configuration: ""
[0.082s] -- Execute custom install script
[0.082s] -- Up-to-date symlink: /home/obi/turtlebot4_ws/install/turtlebot4_ignition_bringup_local/share/turtlebot4_ignition_bringup_local/config/turtlebot4_node.yaml
[0.083s] -- Up-to-date symlink: /home/obi/turtlebot4_ws/install/turtlebot4_ignition_bringup_local/share/turtlebot4_ignition_bringup_local/gui/lite/gui.config
[0.083s] -- Up-to-date symlink: /home/obi/turtlebot4_ws/install/turtlebot4_ignition_bringup_local/share/turtlebot4_ignition_bringup_local/gui/standard/gui.config
[0.083s] -- Up-to-date symlink: /home/obi/turtlebot4_ws/install/turtlebot4_ignition_bringup_local/share/turtlebot4_ignition_bringup_local/launch/ignition.launch.py
[0.083s] -- Up-to-date symlink: /home/obi/turtlebot4_ws/install/turtlebot4_ignition_bringup_local/share/turtlebot4_ignition_bringup_local/launch/ros_ign_bridge.launch.py
[0.083s] -- Up-to-date symlink: /home/obi/turtlebot4_ws/install/turtlebot4_ignition_bringup_local/share/turtlebot4_ignition_bringup_local/launch/turtlebot4_ignition.launch.py
[0.083s] -- Up-to-date symlink: /home/obi/turtlebot4_ws/install/turtlebot4_ignition_bringup_local/share/turtlebot4_ignition_bringup_local/launch/turtlebot4_nodes.launch.py
[0.083s] -- Up-to-date symlink: /home/obi/turtlebot4_ws/install/turtlebot4_ignition_bringup_local/share/turtlebot4_ignition_bringup_local/launch/turtlebot4_spawn.launch.py
[0.083s] -- Up-to-date symlink: /home/obi/turtlebot4_ws/install/turtlebot4_ignition_bringup_local/share/turtlebot4_ignition_bringup_local/worlds/depot.sdf
[0.084s] -- Up-to-date symlink: /home/obi/turtlebot4_ws/install/turtlebot4_ignition_bringup_local/share/turtlebot4_ignition_bringup_local/worlds/maze.sdf
[0.084s] -- Up-to-date symlink: /home/obi/turtlebot4_ws/install/turtlebot4_ignition_bringup_local/share/turtlebot4_ignition_bringup_local/worlds/warehouse.sdf
[0.084s] -- Up-to-date symlink: /home/obi/turtlebot4_ws/install/turtlebot4_ignition_bringup_local/share/ament_index/resource_index/package_run_dependencies/turtlebot4_ignition_bringup_local
[0.084s] -- Up-to-date symlink: /home/obi/turtlebot4_ws/install/turtlebot4_ignition_bringup_local/share/ament_index/resource_index/parent_prefix_path/turtlebot4_ignition_bringup_local
[0.084s] -- Up-to-date symlink: /home/obi/turtlebot4_ws/install/turtlebot4_ignition_bringup_local/share/turtlebot4_ignition_bringup_local/environment/ament_prefix_path.sh
[0.084s] -- Up-to-date symlink: /home/obi/turtlebot4_ws/install/turtlebot4_ignition_bringup_local/share/turtlebot4_ignition_bringup_local/environment/ament_prefix_path.dsv
[0.084s] -- Up-to-date symlink: /home/obi/turtlebot4_ws/install/turtlebot4_ignition_bringup_local/share/turtlebot4_ignition_bringup_local/environment/path.sh
[0.085s] -- Up-to-date symlink: /home/obi/turtlebot4_ws/install/turtlebot4_ignition_bringup_local/share/turtlebot4_ignition_bringup_local/environment/path.dsv
[0.085s] -- Up-to-date symlink: /home/obi/turtlebot4_ws/install/turtlebot4_ignition_bringup_local/share/turtlebot4_ignition_bringup_local/local_setup.bash
[0.085s] -- Up-to-date symlink: /home/obi/turtlebot4_ws/install/turtlebot4_ignition_bringup_local/share/turtlebot4_ignition_bringup_local/local_setup.sh
[0.085s] -- Up-to-date symlink: /home/obi/turtlebot4_ws/install/turtlebot4_ignition_bringup_local/share/turtlebot4_ignition_bringup_local/local_setup.zsh
[0.085s] -- Up-to-date symlink: /home/obi/turtlebot4_ws/install/turtlebot4_ignition_bringup_local/share/turtlebot4_ignition_bringup_local/local_setup.dsv
[0.085s] -- Symlinking: /home/obi/turtlebot4_ws/install/turtlebot4_ignition_bringup_local/share/turtlebot4_ignition_bringup_local/package.dsv
[0.096s] -- Up-to-date symlink: /home/obi/turtlebot4_ws/install/turtlebot4_ignition_bringup_local/share/ament_index/resource_index/packages/turtlebot4_ignition_bringup_local
[0.097s] -- Up-to-date symlink: /home/obi/turtlebot4_ws/install/turtlebot4_ignition_bringup_local/share/turtlebot4_ignition_bringup_local/cmake/turtlebot4_ignition_bringup_localConfig.cmake
[0.097s] -- Up-to-date symlink: /home/obi/turtlebot4_ws/install/turtlebot4_ignition_bringup_local/share/turtlebot4_ignition_bringup_local/cmake/turtlebot4_ignition_bringup_localConfig-version.cmake
[0.097s] -- Up-to-date symlink: /home/obi/turtlebot4_ws/install/turtlebot4_ignition_bringup_local/share/turtlebot4_ignition_bringup_local/package.xml
[0.100s] Invoked command in '/home/obi/turtlebot4_ws/build/turtlebot4_ignition_bringup_local' returned '0': CMAKE_PREFIX_PATH=${CMAKE_PREFIX_PATH}:/home/obi/turtlebot3_ws/install/turtlebot3_teleop:/home/obi/turtlebot3_ws/install/turtlebot3_example:/opt/ros/humble /usr/bin/cmake --install /home/obi/turtlebot4_ws/build/turtlebot4_ignition_bringup_local
