-- Found ament_cmake: 1.3.11 (/opt/ros/humble/share/ament_cmake/cmake)
-- Override CMake install command with custom implementation using symlinks instead of copying resources
-- Found ros_ign_interfaces: 0.244.20 (/opt/ros/humble/share/ros_ign_interfaces/cmake)
-- Found rosidl_generator_c: 3.1.6 (/opt/ros/humble/share/rosidl_generator_c/cmake)
-- Found rosidl_adapter: 3.1.6 (/opt/ros/humble/share/rosidl_adapter/cmake)
-- Found rosidl_generator_cpp: 3.1.6 (/opt/ros/humble/share/rosidl_generator_cpp/cmake)
-- Using all available rosidl_typesupport_c: rosidl_typesupport_fastrtps_c;rosidl_typesupport_introspection_c
-- Using all available rosidl_typesupport_cpp: rosidl_typesupport_fastrtps_cpp;rosidl_typesupport_introspection_cpp
-- Found ament_lint_auto: 0.12.12 (/opt/ros/humble/share/ament_lint_auto/cmake)
-- Added test 'copyright' to check source files copyright and LICENSE
-- Added test 'flake8' to check Python code syntax and style conventions
-- Added test 'lint_cmake' to check CMake code style
-- Added test 'pep257' to check Python code against some of the docstring style conventions in PEP 257
-- Added test 'xmllint' to check XML markup files
-- Configuring done
-- Generating done
-- Build files have been written to: /home/obi/turtlebot4_ws/build/turtlebot4_ignition_bringup_local
-- Install configuration: ""
-- Execute custom install script
-- Up-to-date symlink: /home/obi/turtlebot4_ws/install/turtlebot4_ignition_bringup_local/share/turtlebot4_ignition_bringup_local/config/turtlebot4_node.yaml
-- Up-to-date symlink: /home/obi/turtlebot4_ws/install/turtlebot4_ignition_bringup_local/share/turtlebot4_ignition_bringup_local/gui/lite/gui.config
-- Up-to-date symlink: /home/obi/turtlebot4_ws/install/turtlebot4_ignition_bringup_local/share/turtlebot4_ignition_bringup_local/gui/standard/gui.config
-- Up-to-date symlink: /home/obi/turtlebot4_ws/install/turtlebot4_ignition_bringup_local/share/turtlebot4_ignition_bringup_local/launch/ignition.launch.py
-- Up-to-date symlink: /home/obi/turtlebot4_ws/install/turtlebot4_ignition_bringup_local/share/turtlebot4_ignition_bringup_local/launch/robot_description.launch.py
-- Up-to-date symlink: /home/obi/turtlebot4_ws/install/turtlebot4_ignition_bringup_local/share/turtlebot4_ignition_bringup_local/launch/ros_ign_bridge.launch.py
-- Up-to-date symlink: /home/obi/turtlebot4_ws/install/turtlebot4_ignition_bringup_local/share/turtlebot4_ignition_bringup_local/launch/turtlebot4_ignition.launch.py
-- Up-to-date symlink: /home/obi/turtlebot4_ws/install/turtlebot4_ignition_bringup_local/share/turtlebot4_ignition_bringup_local/launch/turtlebot4_nodes.launch.py
-- Up-to-date symlink: /home/obi/turtlebot4_ws/install/turtlebot4_ignition_bringup_local/share/turtlebot4_ignition_bringup_local/launch/turtlebot4_spawn.launch.py
-- Up-to-date symlink: /home/obi/turtlebot4_ws/install/turtlebot4_ignition_bringup_local/share/turtlebot4_ignition_bringup_local/worlds/depot.sdf
-- Up-to-date symlink: /home/obi/turtlebot4_ws/install/turtlebot4_ignition_bringup_local/share/turtlebot4_ignition_bringup_local/worlds/maze.sdf
-- Up-to-date symlink: /home/obi/turtlebot4_ws/install/turtlebot4_ignition_bringup_local/share/turtlebot4_ignition_bringup_local/worlds/warehouse.sdf
-- Symlinking: /home/obi/turtlebot4_ws/install/turtlebot4_ignition_bringup_local/share/turtlebot4_ignition_bringup_local/urdf/lite/turtlebot4.urdf.xacro
-- Symlinking: /home/obi/turtlebot4_ws/install/turtlebot4_ignition_bringup_local/share/turtlebot4_ignition_bringup_local/urdf/sensors/camera_bracket.urdf.xacro
-- Symlinking: /home/obi/turtlebot4_ws/install/turtlebot4_ignition_bringup_local/share/turtlebot4_ignition_bringup_local/urdf/sensors/oakd.urdf.xacro
-- Symlinking: /home/obi/turtlebot4_ws/install/turtlebot4_ignition_bringup_local/share/turtlebot4_ignition_bringup_local/urdf/sensors/rplidar.urdf.xacro
-- Symlinking: /home/obi/turtlebot4_ws/install/turtlebot4_ignition_bringup_local/share/turtlebot4_ignition_bringup_local/urdf/standard/tower_sensor_plate.urdf.xacro
-- Symlinking: /home/obi/turtlebot4_ws/install/turtlebot4_ignition_bringup_local/share/turtlebot4_ignition_bringup_local/urdf/standard/tower_standoff.urdf.xacro
-- Symlinking: /home/obi/turtlebot4_ws/install/turtlebot4_ignition_bringup_local/share/turtlebot4_ignition_bringup_local/urdf/standard/turtlebot4.urdf.xacro
-- Symlinking: /home/obi/turtlebot4_ws/install/turtlebot4_ignition_bringup_local/share/turtlebot4_ignition_bringup_local/urdf/standard/weight_block.urdf.xacro
[31mCMake Error at ament_cmake_symlink_install/ament_cmake_symlink_install.cmake:100 (message):
  ament_cmake_symlink_install_directory() can't find
  '/home/obi/turtlebot4_ws/src/turtlebot4_ignition_bringup_local/models'
Call Stack (most recent call first):
  ament_cmake_symlink_install/ament_cmake_symlink_install.cmake:314 (ament_cmake_symlink_install_directory)
  cmake_install.cmake:46 (include)

[0m
