[0.014s] Invoking command in '/home/obi/turtlebot4_ws/build/turtlebot4_ignition_bringup_local': CMAKE_PREFIX_PATH=${CMAKE_PREFIX_PATH}:/home/obi/turtlebot3_ws/install/turtlebot3_teleop:/home/obi/turtlebot3_ws/install/turtlebot3_example:/opt/ros/humble /usr/bin/cmake --build /home/obi/turtlebot4_ws/build/turtlebot4_ignition_bringup_local -- -j12 -l12
[0.043s] -- Found ament_cmake: 1.3.11 (/opt/ros/humble/share/ament_cmake/cmake)
[0.158s] -- Override CMake install command with custom implementation using symlinks instead of copying resources
[0.165s] -- Found ros_ign_interfaces: 0.244.20 (/opt/ros/humble/share/ros_ign_interfaces/cmake)
[0.188s] -- Found rosidl_generator_c: 3.1.6 (/opt/ros/humble/share/rosidl_generator_c/cmake)
[0.190s] -- Found rosidl_adapter: 3.1.6 (/opt/ros/humble/share/rosidl_adapter/cmake)
[0.196s] -- Found rosidl_generator_cpp: 3.1.6 (/opt/ros/humble/share/rosidl_generator_cpp/cmake)
[0.206s] -- Using all available rosidl_typesupport_c: rosidl_typesupport_fastrtps_c;rosidl_typesupport_introspection_c
[0.218s] -- Using all available rosidl_typesupport_cpp: rosidl_typesupport_fastrtps_cpp;rosidl_typesupport_introspection_cpp
[0.291s] -- Found ament_lint_auto: 0.12.12 (/opt/ros/humble/share/ament_lint_auto/cmake)
[0.361s] -- Added test 'copyright' to check source files copyright and LICENSE
[0.366s] -- Added test 'flake8' to check Python code syntax and style conventions
[0.366s] -- Added test 'lint_cmake' to check CMake code style
[0.367s] -- Added test 'pep257' to check Python code against some of the docstring style conventions in PEP 257
[0.370s] -- Added test 'xmllint' to check XML markup files
[0.371s] -- Configuring done
[0.379s] -- Generating done
[0.381s] -- Build files have been written to: /home/obi/turtlebot4_ws/build/turtlebot4_ignition_bringup_local
[0.410s] Invoked command in '/home/obi/turtlebot4_ws/build/turtlebot4_ignition_bringup_local' returned '0': CMAKE_PREFIX_PATH=${CMAKE_PREFIX_PATH}:/home/obi/turtlebot3_ws/install/turtlebot3_teleop:/home/obi/turtlebot3_ws/install/turtlebot3_example:/opt/ros/humble /usr/bin/cmake --build /home/obi/turtlebot4_ws/build/turtlebot4_ignition_bringup_local -- -j12 -l12
[0.422s] Invoking command in '/home/obi/turtlebot4_ws/build/turtlebot4_ignition_bringup_local': CMAKE_PREFIX_PATH=${CMAKE_PREFIX_PATH}:/home/obi/turtlebot3_ws/install/turtlebot3_teleop:/home/obi/turtlebot3_ws/install/turtlebot3_example:/opt/ros/humble /usr/bin/cmake --install /home/obi/turtlebot4_ws/build/turtlebot4_ignition_bringup_local
[0.432s] -- Install configuration: ""
[0.432s] -- Execute custom install script
[0.433s] -- Up-to-date symlink: /home/obi/turtlebot4_ws/install/turtlebot4_ignition_bringup_local/share/turtlebot4_ignition_bringup_local/config/turtlebot4_node.yaml
[0.433s] -- Up-to-date symlink: /home/obi/turtlebot4_ws/install/turtlebot4_ignition_bringup_local/share/turtlebot4_ignition_bringup_local/gui/lite/gui.config
[0.433s] -- Up-to-date symlink: /home/obi/turtlebot4_ws/install/turtlebot4_ignition_bringup_local/share/turtlebot4_ignition_bringup_local/gui/standard/gui.config
[0.433s] -- Up-to-date symlink: /home/obi/turtlebot4_ws/install/turtlebot4_ignition_bringup_local/share/turtlebot4_ignition_bringup_local/launch/ignition.launch.py
[0.433s] -- Up-to-date symlink: /home/obi/turtlebot4_ws/install/turtlebot4_ignition_bringup_local/share/turtlebot4_ignition_bringup_local/launch/robot_description.launch.py
[0.433s] -- Up-to-date symlink: /home/obi/turtlebot4_ws/install/turtlebot4_ignition_bringup_local/share/turtlebot4_ignition_bringup_local/launch/ros_ign_bridge.launch.py
[0.434s] -- Up-to-date symlink: /home/obi/turtlebot4_ws/install/turtlebot4_ignition_bringup_local/share/turtlebot4_ignition_bringup_local/launch/turtlebot4_ignition.launch.py
[0.434s] -- Up-to-date symlink: /home/obi/turtlebot4_ws/install/turtlebot4_ignition_bringup_local/share/turtlebot4_ignition_bringup_local/launch/turtlebot4_nodes.launch.py
[0.434s] -- Up-to-date symlink: /home/obi/turtlebot4_ws/install/turtlebot4_ignition_bringup_local/share/turtlebot4_ignition_bringup_local/launch/turtlebot4_spawn.launch.py
[0.434s] -- Up-to-date symlink: /home/obi/turtlebot4_ws/install/turtlebot4_ignition_bringup_local/share/turtlebot4_ignition_bringup_local/worlds/depot.sdf
[0.434s] -- Up-to-date symlink: /home/obi/turtlebot4_ws/install/turtlebot4_ignition_bringup_local/share/turtlebot4_ignition_bringup_local/worlds/maze.sdf
[0.434s] -- Up-to-date symlink: /home/obi/turtlebot4_ws/install/turtlebot4_ignition_bringup_local/share/turtlebot4_ignition_bringup_local/worlds/warehouse.sdf
[0.435s] -- Symlinking: /home/obi/turtlebot4_ws/install/turtlebot4_ignition_bringup_local/share/turtlebot4_ignition_bringup_local/urdf/lite/turtlebot4.urdf.xacro
[0.447s] -- Symlinking: /home/obi/turtlebot4_ws/install/turtlebot4_ignition_bringup_local/share/turtlebot4_ignition_bringup_local/urdf/sensors/camera_bracket.urdf.xacro
[0.458s] -- Symlinking: /home/obi/turtlebot4_ws/install/turtlebot4_ignition_bringup_local/share/turtlebot4_ignition_bringup_local/urdf/sensors/oakd.urdf.xacro
[0.469s] -- Symlinking: /home/obi/turtlebot4_ws/install/turtlebot4_ignition_bringup_local/share/turtlebot4_ignition_bringup_local/urdf/sensors/rplidar.urdf.xacro
[0.480s] -- Symlinking: /home/obi/turtlebot4_ws/install/turtlebot4_ignition_bringup_local/share/turtlebot4_ignition_bringup_local/urdf/standard/tower_sensor_plate.urdf.xacro
[0.490s] -- Symlinking: /home/obi/turtlebot4_ws/install/turtlebot4_ignition_bringup_local/share/turtlebot4_ignition_bringup_local/urdf/standard/tower_standoff.urdf.xacro
[0.502s] -- Symlinking: /home/obi/turtlebot4_ws/install/turtlebot4_ignition_bringup_local/share/turtlebot4_ignition_bringup_local/urdf/standard/turtlebot4.urdf.xacro
[0.512s] -- Symlinking: /home/obi/turtlebot4_ws/install/turtlebot4_ignition_bringup_local/share/turtlebot4_ignition_bringup_local/urdf/standard/weight_block.urdf.xacro
[0.523s] [31mCMake Error at ament_cmake_symlink_install/ament_cmake_symlink_install.cmake:100 (message):
[0.523s]   ament_cmake_symlink_install_directory() can't find
[0.523s]   '/home/obi/turtlebot4_ws/src/turtlebot4_ignition_bringup_local/models'
[0.523s] Call Stack (most recent call first):
[0.524s]   ament_cmake_symlink_install/ament_cmake_symlink_install.cmake:314 (ament_cmake_symlink_install_directory)
[0.524s]   cmake_install.cmake:46 (include)
[0.524s] 
[0.524s] [0m
[0.527s] Invoked command in '/home/obi/turtlebot4_ws/build/turtlebot4_ignition_bringup_local' returned '1': CMAKE_PREFIX_PATH=${CMAKE_PREFIX_PATH}:/home/obi/turtlebot3_ws/install/turtlebot3_teleop:/home/obi/turtlebot3_ws/install/turtlebot3_example:/opt/ros/humble /usr/bin/cmake --install /home/obi/turtlebot4_ws/build/turtlebot4_ignition_bringup_local
