[0.014s] Invoking command in '/home/obi/turtlebot4_ws/build/turtlebot4_ignition_bringup_local': CMAKE_PREFIX_PATH=${CMAKE_PREFIX_PATH}:/home/obi/turtlebot3_ws/install/turtlebot3_teleop:/home/obi/turtlebot3_ws/install/turtlebot3_example:/opt/ros/humble /usr/bin/cmake /home/obi/turtlebot4_ws/src/turtlebot4_ignition_bringup_local -DAMENT_CMAKE_SYMLINK_INSTALL=1 -DCMAKE_INSTALL_PREFIX=/home/obi/turtlebot4_ws/install/turtlebot4_ignition_bringup_local
[0.026s] -- Found ament_cmake: 1.3.11 (/opt/ros/humble/share/ament_cmake/cmake)
[0.142s] -- Override CMake install command with custom implementation using symlinks instead of copying resources
[0.148s] -- Found ros_ign_interfaces: 0.244.20 (/opt/ros/humble/share/ros_ign_interfaces/cmake)
[0.171s] -- Found rosidl_generator_c: 3.1.6 (/opt/ros/humble/share/rosidl_generator_c/cmake)
[0.173s] -- Found rosidl_adapter: 3.1.6 (/opt/ros/humble/share/rosidl_adapter/cmake)
[0.178s] -- Found rosidl_generator_cpp: 3.1.6 (/opt/ros/humble/share/rosidl_generator_cpp/cmake)
[0.187s] -- Using all available rosidl_typesupport_c: rosidl_typesupport_fastrtps_c;rosidl_typesupport_introspection_c
[0.198s] -- Using all available rosidl_typesupport_cpp: rosidl_typesupport_fastrtps_cpp;rosidl_typesupport_introspection_cpp
[0.268s] -- Found ament_lint_auto: 0.12.12 (/opt/ros/humble/share/ament_lint_auto/cmake)
[0.336s] -- Added test 'copyright' to check source files copyright and LICENSE
[0.338s] -- Added test 'flake8' to check Python code syntax and style conventions
[0.339s] -- Added test 'lint_cmake' to check CMake code style
[0.339s] -- Added test 'pep257' to check Python code against some of the docstring style conventions in PEP 257
[0.340s] -- Added test 'xmllint' to check XML markup files
[0.341s] -- Configuring done
[0.345s] -- Generating done
[0.347s] -- Build files have been written to: /home/obi/turtlebot4_ws/build/turtlebot4_ignition_bringup_local
[0.353s] Invoked command in '/home/obi/turtlebot4_ws/build/turtlebot4_ignition_bringup_local' returned '0': CMAKE_PREFIX_PATH=${CMAKE_PREFIX_PATH}:/home/obi/turtlebot3_ws/install/turtlebot3_teleop:/home/obi/turtlebot3_ws/install/turtlebot3_example:/opt/ros/humble /usr/bin/cmake /home/obi/turtlebot4_ws/src/turtlebot4_ignition_bringup_local -DAMENT_CMAKE_SYMLINK_INSTALL=1 -DCMAKE_INSTALL_PREFIX=/home/obi/turtlebot4_ws/install/turtlebot4_ignition_bringup_local
[0.355s] Invoking command in '/home/obi/turtlebot4_ws/build/turtlebot4_ignition_bringup_local': CMAKE_PREFIX_PATH=${CMAKE_PREFIX_PATH}:/home/obi/turtlebot3_ws/install/turtlebot3_teleop:/home/obi/turtlebot3_ws/install/turtlebot3_example:/opt/ros/humble /usr/bin/cmake --build /home/obi/turtlebot4_ws/build/turtlebot4_ignition_bringup_local -- -j12 -l12
[0.401s] Invoked command in '/home/obi/turtlebot4_ws/build/turtlebot4_ignition_bringup_local' returned '0': CMAKE_PREFIX_PATH=${CMAKE_PREFIX_PATH}:/home/obi/turtlebot3_ws/install/turtlebot3_teleop:/home/obi/turtlebot3_ws/install/turtlebot3_example:/opt/ros/humble /usr/bin/cmake --build /home/obi/turtlebot4_ws/build/turtlebot4_ignition_bringup_local -- -j12 -l12
[0.414s] Invoking command in '/home/obi/turtlebot4_ws/build/turtlebot4_ignition_bringup_local': CMAKE_PREFIX_PATH=${CMAKE_PREFIX_PATH}:/home/obi/turtlebot3_ws/install/turtlebot3_teleop:/home/obi/turtlebot3_ws/install/turtlebot3_example:/opt/ros/humble /usr/bin/cmake --install /home/obi/turtlebot4_ws/build/turtlebot4_ignition_bringup_local
[0.422s] -- Install configuration: ""
[0.423s] -- Execute custom install script
[0.423s] -- Symlinking: /home/obi/turtlebot4_ws/install/turtlebot4_ignition_bringup_local/share/turtlebot4_ignition_bringup_local/config/turtlebot4_node.yaml
[0.435s] -- Symlinking: /home/obi/turtlebot4_ws/install/turtlebot4_ignition_bringup_local/share/turtlebot4_ignition_bringup_local/gui/lite/gui.config
[0.446s] -- Symlinking: /home/obi/turtlebot4_ws/install/turtlebot4_ignition_bringup_local/share/turtlebot4_ignition_bringup_local/gui/standard/gui.config
[0.457s] -- Symlinking: /home/obi/turtlebot4_ws/install/turtlebot4_ignition_bringup_local/share/turtlebot4_ignition_bringup_local/launch/ignition.launch.py
[0.468s] -- Symlinking: /home/obi/turtlebot4_ws/install/turtlebot4_ignition_bringup_local/share/turtlebot4_ignition_bringup_local/launch/ros_ign_bridge.launch.py
[0.479s] -- Symlinking: /home/obi/turtlebot4_ws/install/turtlebot4_ignition_bringup_local/share/turtlebot4_ignition_bringup_local/launch/turtlebot4_ignition.launch.py
[0.489s] -- Symlinking: /home/obi/turtlebot4_ws/install/turtlebot4_ignition_bringup_local/share/turtlebot4_ignition_bringup_local/launch/turtlebot4_nodes.launch.py
[0.499s] -- Symlinking: /home/obi/turtlebot4_ws/install/turtlebot4_ignition_bringup_local/share/turtlebot4_ignition_bringup_local/launch/turtlebot4_spawn.launch.py
[0.510s] -- Symlinking: /home/obi/turtlebot4_ws/install/turtlebot4_ignition_bringup_local/share/turtlebot4_ignition_bringup_local/worlds/depot.sdf
[0.521s] -- Symlinking: /home/obi/turtlebot4_ws/install/turtlebot4_ignition_bringup_local/share/turtlebot4_ignition_bringup_local/worlds/maze.sdf
[0.532s] -- Symlinking: /home/obi/turtlebot4_ws/install/turtlebot4_ignition_bringup_local/share/turtlebot4_ignition_bringup_local/worlds/warehouse.sdf
[0.543s] -- Symlinking: /home/obi/turtlebot4_ws/install/turtlebot4_ignition_bringup_local/share/ament_index/resource_index/package_run_dependencies/turtlebot4_ignition_bringup_local
[0.554s] -- Symlinking: /home/obi/turtlebot4_ws/install/turtlebot4_ignition_bringup_local/share/ament_index/resource_index/parent_prefix_path/turtlebot4_ignition_bringup_local
[0.565s] -- Symlinking: /home/obi/turtlebot4_ws/install/turtlebot4_ignition_bringup_local/share/turtlebot4_ignition_bringup_local/environment/ament_prefix_path.sh
[0.576s] -- Symlinking: /home/obi/turtlebot4_ws/install/turtlebot4_ignition_bringup_local/share/turtlebot4_ignition_bringup_local/environment/ament_prefix_path.dsv
[0.587s] -- Symlinking: /home/obi/turtlebot4_ws/install/turtlebot4_ignition_bringup_local/share/turtlebot4_ignition_bringup_local/environment/path.sh
[0.598s] -- Symlinking: /home/obi/turtlebot4_ws/install/turtlebot4_ignition_bringup_local/share/turtlebot4_ignition_bringup_local/environment/path.dsv
[0.609s] -- Symlinking: /home/obi/turtlebot4_ws/install/turtlebot4_ignition_bringup_local/share/turtlebot4_ignition_bringup_local/local_setup.bash
[0.621s] -- Symlinking: /home/obi/turtlebot4_ws/install/turtlebot4_ignition_bringup_local/share/turtlebot4_ignition_bringup_local/local_setup.sh
[0.633s] -- Symlinking: /home/obi/turtlebot4_ws/install/turtlebot4_ignition_bringup_local/share/turtlebot4_ignition_bringup_local/local_setup.zsh
[0.644s] -- Symlinking: /home/obi/turtlebot4_ws/install/turtlebot4_ignition_bringup_local/share/turtlebot4_ignition_bringup_local/local_setup.dsv
[0.655s] -- Symlinking: /home/obi/turtlebot4_ws/install/turtlebot4_ignition_bringup_local/share/turtlebot4_ignition_bringup_local/package.dsv
[0.665s] -- Symlinking: /home/obi/turtlebot4_ws/install/turtlebot4_ignition_bringup_local/share/ament_index/resource_index/packages/turtlebot4_ignition_bringup_local
[0.676s] -- Symlinking: /home/obi/turtlebot4_ws/install/turtlebot4_ignition_bringup_local/share/turtlebot4_ignition_bringup_local/cmake/turtlebot4_ignition_bringup_localConfig.cmake
[0.687s] -- Symlinking: /home/obi/turtlebot4_ws/install/turtlebot4_ignition_bringup_local/share/turtlebot4_ignition_bringup_local/cmake/turtlebot4_ignition_bringup_localConfig-version.cmake
[0.698s] -- Symlinking: /home/obi/turtlebot4_ws/install/turtlebot4_ignition_bringup_local/share/turtlebot4_ignition_bringup_local/package.xml
[0.713s] Invoked command in '/home/obi/turtlebot4_ws/build/turtlebot4_ignition_bringup_local' returned '0': CMAKE_PREFIX_PATH=${CMAKE_PREFIX_PATH}:/home/obi/turtlebot3_ws/install/turtlebot3_teleop:/home/obi/turtlebot3_ws/install/turtlebot3_example:/opt/ros/humble /usr/bin/cmake --install /home/obi/turtlebot4_ws/build/turtlebot4_ignition_bringup_local
