[0.013s] Invoking command in '/home/obi/turtlebot4_ws/build/turtlebot4_ignition_bringup_local': CMAKE_PREFIX_PATH=${CMAKE_PREFIX_PATH}:/home/obi/turtlebot3_ws/install/turtlebot3_teleop:/home/obi/turtlebot3_ws/install/turtlebot3_example:/opt/ros/humble /usr/bin/cmake --build /home/obi/turtlebot4_ws/build/turtlebot4_ignition_bringup_local -- -j12 -l12
[0.042s] -- Found ament_cmake: 1.3.11 (/opt/ros/humble/share/ament_cmake/cmake)
[0.160s] -- Override CMake install command with custom implementation using symlinks instead of copying resources
[0.167s] -- Found ros_ign_interfaces: 0.244.20 (/opt/ros/humble/share/ros_ign_interfaces/cmake)
[0.192s] -- Found rosidl_generator_c: 3.1.6 (/opt/ros/humble/share/rosidl_generator_c/cmake)
[0.194s] -- Found rosidl_adapter: 3.1.6 (/opt/ros/humble/share/rosidl_adapter/cmake)
[0.199s] -- Found rosidl_generator_cpp: 3.1.6 (/opt/ros/humble/share/rosidl_generator_cpp/cmake)
[0.207s] -- Using all available rosidl_typesupport_c: rosidl_typesupport_fastrtps_c;rosidl_typesupport_introspection_c
[0.218s] -- Using all available rosidl_typesupport_cpp: rosidl_typesupport_fastrtps_cpp;rosidl_typesupport_introspection_cpp
[0.288s] -- Found ament_lint_auto: 0.12.12 (/opt/ros/humble/share/ament_lint_auto/cmake)
[0.359s] -- Added test 'copyright' to check source files copyright and LICENSE
[0.367s] -- Added test 'flake8' to check Python code syntax and style conventions
[0.368s] -- Added test 'lint_cmake' to check CMake code style
[0.368s] -- Added test 'pep257' to check Python code against some of the docstring style conventions in PEP 257
[0.373s] -- Added test 'xmllint' to check XML markup files
[0.374s] -- Configuring done
[0.379s] -- Generating done
[0.382s] -- Build files have been written to: /home/obi/turtlebot4_ws/build/turtlebot4_ignition_bringup_local
[0.414s] Invoked command in '/home/obi/turtlebot4_ws/build/turtlebot4_ignition_bringup_local' returned '0': CMAKE_PREFIX_PATH=${CMAKE_PREFIX_PATH}:/home/obi/turtlebot3_ws/install/turtlebot3_teleop:/home/obi/turtlebot3_ws/install/turtlebot3_example:/opt/ros/humble /usr/bin/cmake --build /home/obi/turtlebot4_ws/build/turtlebot4_ignition_bringup_local -- -j12 -l12
[0.426s] Invoking command in '/home/obi/turtlebot4_ws/build/turtlebot4_ignition_bringup_local': CMAKE_PREFIX_PATH=${CMAKE_PREFIX_PATH}:/home/obi/turtlebot3_ws/install/turtlebot3_teleop:/home/obi/turtlebot3_ws/install/turtlebot3_example:/opt/ros/humble /usr/bin/cmake --install /home/obi/turtlebot4_ws/build/turtlebot4_ignition_bringup_local
[0.435s] -- Install configuration: ""
[0.435s] -- Execute custom install script
[0.435s] -- Up-to-date symlink: /home/obi/turtlebot4_ws/install/turtlebot4_ignition_bringup_local/share/turtlebot4_ignition_bringup_local/config/turtlebot4_node.yaml
[0.435s] -- Up-to-date symlink: /home/obi/turtlebot4_ws/install/turtlebot4_ignition_bringup_local/share/turtlebot4_ignition_bringup_local/gui/lite/gui.config
[0.436s] -- Up-to-date symlink: /home/obi/turtlebot4_ws/install/turtlebot4_ignition_bringup_local/share/turtlebot4_ignition_bringup_local/gui/standard/gui.config
[0.436s] -- Up-to-date symlink: /home/obi/turtlebot4_ws/install/turtlebot4_ignition_bringup_local/share/turtlebot4_ignition_bringup_local/launch/ignition.launch.py
[0.436s] -- Up-to-date symlink: /home/obi/turtlebot4_ws/install/turtlebot4_ignition_bringup_local/share/turtlebot4_ignition_bringup_local/launch/robot_description.launch.py
[0.436s] -- Up-to-date symlink: /home/obi/turtlebot4_ws/install/turtlebot4_ignition_bringup_local/share/turtlebot4_ignition_bringup_local/launch/ros_ign_bridge.launch.py
[0.436s] -- Up-to-date symlink: /home/obi/turtlebot4_ws/install/turtlebot4_ignition_bringup_local/share/turtlebot4_ignition_bringup_local/launch/turtlebot4_ignition.launch.py
[0.436s] -- Up-to-date symlink: /home/obi/turtlebot4_ws/install/turtlebot4_ignition_bringup_local/share/turtlebot4_ignition_bringup_local/launch/turtlebot4_nodes.launch.py
[0.436s] -- Up-to-date symlink: /home/obi/turtlebot4_ws/install/turtlebot4_ignition_bringup_local/share/turtlebot4_ignition_bringup_local/launch/turtlebot4_spawn.launch.py
[0.436s] -- Up-to-date symlink: /home/obi/turtlebot4_ws/install/turtlebot4_ignition_bringup_local/share/turtlebot4_ignition_bringup_local/worlds/depot.sdf
[0.437s] -- Up-to-date symlink: /home/obi/turtlebot4_ws/install/turtlebot4_ignition_bringup_local/share/turtlebot4_ignition_bringup_local/worlds/maze.sdf
[0.437s] -- Up-to-date symlink: /home/obi/turtlebot4_ws/install/turtlebot4_ignition_bringup_local/share/turtlebot4_ignition_bringup_local/worlds/warehouse.sdf
[0.437s] -- Up-to-date symlink: /home/obi/turtlebot4_ws/install/turtlebot4_ignition_bringup_local/share/turtlebot4_ignition_bringup_local/urdf/lite/turtlebot4.urdf.xacro
[0.437s] -- Up-to-date symlink: /home/obi/turtlebot4_ws/install/turtlebot4_ignition_bringup_local/share/turtlebot4_ignition_bringup_local/urdf/sensors/camera_bracket.urdf.xacro
[0.437s] -- Up-to-date symlink: /home/obi/turtlebot4_ws/install/turtlebot4_ignition_bringup_local/share/turtlebot4_ignition_bringup_local/urdf/sensors/oakd.urdf.xacro
[0.437s] -- Up-to-date symlink: /home/obi/turtlebot4_ws/install/turtlebot4_ignition_bringup_local/share/turtlebot4_ignition_bringup_local/urdf/sensors/rplidar.urdf.xacro
[0.437s] -- Up-to-date symlink: /home/obi/turtlebot4_ws/install/turtlebot4_ignition_bringup_local/share/turtlebot4_ignition_bringup_local/urdf/standard/tower_sensor_plate.urdf.xacro
[0.438s] -- Up-to-date symlink: /home/obi/turtlebot4_ws/install/turtlebot4_ignition_bringup_local/share/turtlebot4_ignition_bringup_local/urdf/standard/tower_standoff.urdf.xacro
[0.438s] -- Up-to-date symlink: /home/obi/turtlebot4_ws/install/turtlebot4_ignition_bringup_local/share/turtlebot4_ignition_bringup_local/urdf/standard/turtlebot4.urdf.xacro
[0.438s] -- Up-to-date symlink: /home/obi/turtlebot4_ws/install/turtlebot4_ignition_bringup_local/share/turtlebot4_ignition_bringup_local/urdf/standard/weight_block.urdf.xacro
[0.438s] -- Symlinking: /home/obi/turtlebot4_ws/install/turtlebot4_ignition_bringup_local/share/turtlebot4_ignition_bringup_local/meshes/camera_bracket.dae
[0.449s] -- Symlinking: /home/obi/turtlebot4_ws/install/turtlebot4_ignition_bringup_local/share/turtlebot4_ignition_bringup_local/meshes/oakd_lite.dae
[0.460s] -- Symlinking: /home/obi/turtlebot4_ws/install/turtlebot4_ignition_bringup_local/share/turtlebot4_ignition_bringup_local/meshes/oakd_pro.dae
[0.470s] -- Symlinking: /home/obi/turtlebot4_ws/install/turtlebot4_ignition_bringup_local/share/turtlebot4_ignition_bringup_local/meshes/rplidar.dae
[0.480s] -- Symlinking: /home/obi/turtlebot4_ws/install/turtlebot4_ignition_bringup_local/share/turtlebot4_ignition_bringup_local/meshes/shell.dae
[0.491s] -- Symlinking: /home/obi/turtlebot4_ws/install/turtlebot4_ignition_bringup_local/share/turtlebot4_ignition_bringup_local/meshes/shell_collision.dae
[0.502s] -- Symlinking: /home/obi/turtlebot4_ws/install/turtlebot4_ignition_bringup_local/share/turtlebot4_ignition_bringup_local/meshes/tower.dae
[0.513s] -- Symlinking: /home/obi/turtlebot4_ws/install/turtlebot4_ignition_bringup_local/share/turtlebot4_ignition_bringup_local/meshes/tower_sensor_plate.dae
[0.524s] -- Symlinking: /home/obi/turtlebot4_ws/install/turtlebot4_ignition_bringup_local/share/turtlebot4_ignition_bringup_local/meshes/tower_standoff.dae
[0.535s] -- Symlinking: /home/obi/turtlebot4_ws/install/turtlebot4_ignition_bringup_local/share/turtlebot4_ignition_bringup_local/meshes/weight_block.dae
[0.547s] -- Up-to-date symlink: /home/obi/turtlebot4_ws/install/turtlebot4_ignition_bringup_local/share/ament_index/resource_index/package_run_dependencies/turtlebot4_ignition_bringup_local
[0.548s] -- Up-to-date symlink: /home/obi/turtlebot4_ws/install/turtlebot4_ignition_bringup_local/share/ament_index/resource_index/parent_prefix_path/turtlebot4_ignition_bringup_local
[0.548s] -- Up-to-date symlink: /home/obi/turtlebot4_ws/install/turtlebot4_ignition_bringup_local/share/turtlebot4_ignition_bringup_local/environment/ament_prefix_path.sh
[0.549s] -- Up-to-date symlink: /home/obi/turtlebot4_ws/install/turtlebot4_ignition_bringup_local/share/turtlebot4_ignition_bringup_local/environment/ament_prefix_path.dsv
[0.549s] -- Up-to-date symlink: /home/obi/turtlebot4_ws/install/turtlebot4_ignition_bringup_local/share/turtlebot4_ignition_bringup_local/environment/path.sh
[0.549s] -- Up-to-date symlink: /home/obi/turtlebot4_ws/install/turtlebot4_ignition_bringup_local/share/turtlebot4_ignition_bringup_local/environment/path.dsv
[0.549s] -- Up-to-date symlink: /home/obi/turtlebot4_ws/install/turtlebot4_ignition_bringup_local/share/turtlebot4_ignition_bringup_local/local_setup.bash
[0.549s] -- Up-to-date symlink: /home/obi/turtlebot4_ws/install/turtlebot4_ignition_bringup_local/share/turtlebot4_ignition_bringup_local/local_setup.sh
[0.549s] -- Up-to-date symlink: /home/obi/turtlebot4_ws/install/turtlebot4_ignition_bringup_local/share/turtlebot4_ignition_bringup_local/local_setup.zsh
[0.550s] -- Up-to-date symlink: /home/obi/turtlebot4_ws/install/turtlebot4_ignition_bringup_local/share/turtlebot4_ignition_bringup_local/local_setup.dsv
[0.550s] -- Symlinking: /home/obi/turtlebot4_ws/install/turtlebot4_ignition_bringup_local/share/turtlebot4_ignition_bringup_local/package.dsv
[0.561s] -- Up-to-date symlink: /home/obi/turtlebot4_ws/install/turtlebot4_ignition_bringup_local/share/ament_index/resource_index/packages/turtlebot4_ignition_bringup_local
[0.561s] -- Up-to-date symlink: /home/obi/turtlebot4_ws/install/turtlebot4_ignition_bringup_local/share/turtlebot4_ignition_bringup_local/cmake/turtlebot4_ignition_bringup_localConfig.cmake
[0.561s] -- Up-to-date symlink: /home/obi/turtlebot4_ws/install/turtlebot4_ignition_bringup_local/share/turtlebot4_ignition_bringup_local/cmake/turtlebot4_ignition_bringup_localConfig-version.cmake
[0.561s] -- Up-to-date symlink: /home/obi/turtlebot4_ws/install/turtlebot4_ignition_bringup_local/share/turtlebot4_ignition_bringup_local/package.xml
[0.564s] Invoked command in '/home/obi/turtlebot4_ws/build/turtlebot4_ignition_bringup_local' returned '0': CMAKE_PREFIX_PATH=${CMAKE_PREFIX_PATH}:/home/obi/turtlebot3_ws/install/turtlebot3_teleop:/home/obi/turtlebot3_ws/install/turtlebot3_example:/opt/ros/humble /usr/bin/cmake --install /home/obi/turtlebot4_ws/build/turtlebot4_ignition_bringup_local
